# JRE version: OpenJDK Runtime Environment Corretto-19.0.2.7.1 (19.0.2+7) (build 19.0.2+7-FR)
# Java VM: OpenJDK 64-Bit Server VM Corretto-19.0.2.7.1 (19.0.2+7-FR, mixed mode, sharing, tiered, compressed oops, compressed class ptrs, g1 gc, bsd-aarch64)
Heap:
 garbage-first heap   total 524288K, used 522214K [0x00000007e0000000, 0x0000000800000000)
  region size 1024K, 0 young (0K), 0 survivors (0K)
 Metaspace       used 16711K, committed 17280K, reserved 1114112K
  class space    used 2497K, committed 2688K, reserved 1048576K
GC Heap History (20 events):
Event: 250.521 GC heap after
{Heap after GC invocations=590 (full 292):
 garbage-first heap   total 524288K, used 522214K [0x00000007e0000000, 0x0000000800000000)
  region size 1024K, 0 young (0K), 0 survivors (0K)
 Metaspace       used 16711K, committed 17280K, reserved 1114112K
  class space    used 2497K, committed 2688K, reserved 1048576K
}
Event: 250.522 GC heap before
{Heap before GC invocations=590 (full 292):
 garbage-first heap   total 524288K, used 522214K [0x00000007e0000000, 0x0000000800000000)
  region size 1024K, 0 young (0K), 0 survivors (0K)
 Metaspace       used 16711K, committed 17280K, reserved 1114112K
  class space    used 2497K, committed 2688K, reserved 1048576K
}
Event: 250.522 GC heap after
{Heap after GC invocations=591 (full 292):
 garbage-first heap   total 524288K, used 522214K [0x00000007e0000000, 0x0000000800000000)
  region size 1024K, 0 young (0K), 0 survivors (0K)
 Metaspace       used 16711K, committed 17280K, reserved 1114112K
  class space    used 2497K, committed 2688K, reserved 1048576K
}
Event: 250.522 GC heap before
{Heap before GC invocations=591 (full 292):
 garbage-first heap   total 524288K, used 522214K [0x00000007e0000000, 0x0000000800000000)
  region size 1024K, 0 young (0K), 0 survivors (0K)
 Metaspace       used 16711K, committed 17280K, reserved 1114112K
  class space    used 2497K, committed 2688K, reserved 1048576K
}
Event: 251.168 GC heap after
{Heap after GC invocations=592 (full 293):
 garbage-first heap   total 524288K, used 522214K [0x00000007e0000000, 0x0000000800000000)
  region size 1024K, 0 young (0K), 0 survivors (0K)
 Metaspace       used 16711K, committed 17280K, reserved 1114112K
  class space    used 2497K, committed 2688K, reserved 1048576K
}
Event: 251.168 GC heap before
{Heap before GC invocations=592 (full 293):
 garbage-first heap   total 524288K, used 522214K [0x00000007e0000000, 0x0000000800000000)
  region size 1024K, 0 young (0K), 0 survivors (0K)
 Metaspace       used 16711K, committed 17280K, reserved 1114112K
  class space    used 2497K, committed 2688K, reserved 1048576K
}
Event: 251.957 GC heap after
{Heap after GC invocations=593 (full 294):
 garbage-first heap   total 524288K, used 522214K [0x00000007e0000000, 0x0000000800000000)
  region size 1024K, 0 young (0K), 0 survivors (0K)
 Metaspace       used 16711K, committed 17280K, reserved 1114112K
  class space    used 2497K, committed 2688K, reserved 1048576K
}
Event: 251.957 GC heap before
{Heap before GC invocations=593 (full 294):
 garbage-first heap   total 524288K, used 522214K [0x00000007e0000000, 0x0000000800000000)
  region size 1024K, 0 young (0K), 0 survivors (0K)
 Metaspace       used 16711K, committed 17280K, reserved 1114112K
  class space    used 2497K, committed 2688K, reserved 1048576K
}
Event: 251.958 GC heap after
{Heap after GC invocations=594 (full 294):
 garbage-first heap   total 524288K, used 522214K [0x00000007e0000000, 0x0000000800000000)
  region size 1024K, 0 young (0K), 0 survivors (0K)
 Metaspace       used 16711K, committed 17280K, reserved 1114112K
  class space    used 2497K, committed 2688K, reserved 1048576K
}
Event: 251.958 GC heap before
{Heap before GC invocations=594 (full 294):
 garbage-first heap   total 524288K, used 522214K [0x00000007e0000000, 0x0000000800000000)
  region size 1024K, 0 young (0K), 0 survivors (0K)
 Metaspace       used 16711K, committed 17280K, reserved 1114112K
  class space    used 2497K, committed 2688K, reserved 1048576K
}
Event: 252.617 GC heap after
{Heap after GC invocations=595 (full 295):
 garbage-first heap   total 524288K, used 522214K [0x00000007e0000000, 0x0000000800000000)
  region size 1024K, 0 young (0K), 0 survivors (0K)
 Metaspace       used 16711K, committed 17280K, reserved 1114112K
  class space    used 2497K, committed 2688K, reserved 1048576K
}
Event: 252.617 GC heap before
{Heap before GC invocations=595 (full 295):
 garbage-first heap   total 524288K, used 522214K [0x00000007e0000000, 0x0000000800000000)
  region size 1024K, 0 young (0K), 0 survivors (0K)
 Metaspace       used 16711K, committed 17280K, reserved 1114112K
  class space    used 2497K, committed 2688K, reserved 1048576K
}
Event: 253.396 GC heap after
{Heap after GC invocations=596 (full 296):
 garbage-first heap   total 524288K, used 522214K [0x00000007e0000000, 0x0000000800000000)
  region size 1024K, 0 young (0K), 0 survivors (0K)
 Metaspace       used 16711K, committed 17280K, reserved 1114112K
  class space    used 2497K, committed 2688K, reserved 1048576K
}
Event: 253.396 GC heap before
{Heap before GC invocations=596 (full 296):
 garbage-first heap   total 524288K, used 522214K [0x00000007e0000000, 0x0000000800000000)
  region size 1024K, 0 young (0K), 0 survivors (0K)
 Metaspace       used 16711K, committed 17280K, reserved 1114112K
  class space    used 2497K, committed 2688K, reserved 1048576K
}
Event: 253.397 GC heap after
{Heap after GC invocations=597 (full 296):
 garbage-first heap   total 524288K, used 522214K [0x00000007e0000000, 0x0000000800000000)
  region size 1024K, 0 young (0K), 0 survivors (0K)
 Metaspace       used 16711K, committed 17280K, reserved 1114112K
  class space    used 2497K, committed 2688K, reserved 1048576K
}
Event: 253.397 GC heap before
{Heap before GC invocations=597 (full 296):
 garbage-first heap   total 524288K, used 522214K [0x00000007e0000000, 0x0000000800000000)
  region size 1024K, 0 young (0K), 0 survivors (0K)
 Metaspace       used 16711K, committed 17280K, reserved 1114112K
  class space    used 2497K, committed 2688K, reserved 1048576K
}
Event: 254.062 GC heap after
{Heap after GC invocations=598 (full 297):
 garbage-first heap   total 524288K, used 522214K [0x00000007e0000000, 0x0000000800000000)
  region size 1024K, 0 young (0K), 0 survivors (0K)
 Metaspace       used 16711K, committed 17280K, reserved 1114112K
  class space    used 2497K, committed 2688K, reserved 1048576K
}
Event: 254.062 GC heap before
{Heap before GC invocations=598 (full 297):
 garbage-first heap   total 524288K, used 522214K [0x00000007e0000000, 0x0000000800000000)
  region size 1024K, 0 young (0K), 0 survivors (0K)
 Metaspace       used 16711K, committed 17280K, reserved 1114112K
  class space    used 2497K, committed 2688K, reserved 1048576K
}
Event: 254.812 GC heap after
{Heap after GC invocations=599 (full 298):
 garbage-first heap   total 524288K, used 522214K [0x00000007e0000000, 0x0000000800000000)
  region size 1024K, 0 young (0K), 0 survivors (0K)
 Metaspace       used 16711K, committed 17280K, reserved 1114112K
  class space    used 2497K, committed 2688K, reserved 1048576K
}
Event: 254.812 GC heap before
{Heap before GC invocations=599 (full 298):
 garbage-first heap   total 524288K, used 522214K [0x00000007e0000000, 0x0000000800000000)
  region size 1024K, 0 young (0K), 0 survivors (0K)
 Metaspace       used 16711K, committed 17280K, reserved 1114112K
  class space    used 2497K, committed 2688K, reserved 1048576K
}

