# JRE version: OpenJDK Runtime Environment Corretto-19.0.2.7.1 (19.0.2+7) (build 19.0.2+7-FR)
# Java VM: OpenJDK 64-Bit Server VM Corretto-19.0.2.7.1 (19.0.2+7-FR, mixed mode, sharing, tiered, compressed oops, compressed class ptrs, g1 gc, bsd-aarch64)
Heap:
 garbage-first heap   total 524288K, used 522269K [0x00000007e0000000, 0x0000000800000000)
  region size 1024K, 0 young (0K), 0 survivors (0K)
 Metaspace       used 15286K, committed 15808K, reserved 1114112K
  class space    used 2301K, committed 2496K, reserved 1048576K
GC Heap History (20 events):
Event: 55.746 GC heap before
{Heap before GC invocations=481 (full 182):
 garbage-first heap   total 524288K, used 522271K [0x00000007e0000000, 0x0000000800000000)
  region size 1024K, 0 young (0K), 0 survivors (0K)
 Metaspace       used 15286K, committed 15808K, reserved 1114112K
  class space    used 2301K, committed 2496K, reserved 1048576K
}
Event: 56.260 GC heap after
{Heap after GC invocations=482 (full 183):
 garbage-first heap   total 524288K, used 522271K [0x00000007e0000000, 0x0000000800000000)
  region size 1024K, 0 young (0K), 0 survivors (0K)
 Metaspace       used 15286K, committed 15808K, reserved 1114112K
  class space    used 2301K, committed 2496K, reserved 1048576K
}
Event: 56.260 GC heap before
{Heap before GC invocations=482 (full 183):
 garbage-first heap   total 524288K, used 522271K [0x00000007e0000000, 0x0000000800000000)
  region size 1024K, 0 young (0K), 0 survivors (0K)
 Metaspace       used 15286K, committed 15808K, reserved 1114112K
  class space    used 2301K, committed 2496K, reserved 1048576K
}
Event: 56.260 GC heap after
{Heap after GC invocations=483 (full 183):
 garbage-first heap   total 524288K, used 522271K [0x00000007e0000000, 0x0000000800000000)
  region size 1024K, 0 young (0K), 0 survivors (0K)
 Metaspace       used 15286K, committed 15808K, reserved 1114112K
  class space    used 2301K, committed 2496K, reserved 1048576K
}
Event: 56.260 GC heap before
{Heap before GC invocations=483 (full 183):
 garbage-first heap   total 524288K, used 522271K [0x00000007e0000000, 0x0000000800000000)
  region size 1024K, 0 young (0K), 0 survivors (0K)
 Metaspace       used 15286K, committed 15808K, reserved 1114112K
  class space    used 2301K, committed 2496K, reserved 1048576K
}
Event: 56.482 GC heap after
{Heap after GC invocations=484 (full 184):
 garbage-first heap   total 524288K, used 522271K [0x00000007e0000000, 0x0000000800000000)
  region size 1024K, 0 young (0K), 0 survivors (0K)
 Metaspace       used 15286K, committed 15808K, reserved 1114112K
  class space    used 2301K, committed 2496K, reserved 1048576K
}
Event: 56.482 GC heap before
{Heap before GC invocations=484 (full 184):
 garbage-first heap   total 524288K, used 522271K [0x00000007e0000000, 0x0000000800000000)
  region size 1024K, 0 young (0K), 0 survivors (0K)
 Metaspace       used 15286K, committed 15808K, reserved 1114112K
  class space    used 2301K, committed 2496K, reserved 1048576K
}
Event: 56.724 GC heap after
{Heap after GC invocations=485 (full 185):
 garbage-first heap   total 524288K, used 522271K [0x00000007e0000000, 0x0000000800000000)
  region size 1024K, 0 young (0K), 0 survivors (0K)
 Metaspace       used 15286K, committed 15808K, reserved 1114112K
  class space    used 2301K, committed 2496K, reserved 1048576K
}
Event: 56.726 GC heap before
{Heap before GC invocations=485 (full 185):
 garbage-first heap   total 524288K, used 522271K [0x00000007e0000000, 0x0000000800000000)
  region size 1024K, 0 young (0K), 0 survivors (0K)
 Metaspace       used 15286K, committed 15808K, reserved 1114112K
  class space    used 2301K, committed 2496K, reserved 1048576K
}
Event: 56.727 GC heap after
{Heap after GC invocations=486 (full 185):
 garbage-first heap   total 524288K, used 522271K [0x00000007e0000000, 0x0000000800000000)
  region size 1024K, 0 young (0K), 0 survivors (0K)
 Metaspace       used 15286K, committed 15808K, reserved 1114112K
  class space    used 2301K, committed 2496K, reserved 1048576K
}
Event: 56.727 GC heap before
{Heap before GC invocations=486 (full 185):
 garbage-first heap   total 524288K, used 522271K [0x00000007e0000000, 0x0000000800000000)
  region size 1024K, 0 young (0K), 0 survivors (0K)
 Metaspace       used 15286K, committed 15808K, reserved 1114112K
  class space    used 2301K, committed 2496K, reserved 1048576K
}
Event: 57.003 GC heap after
{Heap after GC invocations=487 (full 186):
 garbage-first heap   total 524288K, used 522271K [0x00000007e0000000, 0x0000000800000000)
  region size 1024K, 0 young (0K), 0 survivors (0K)
 Metaspace       used 15286K, committed 15808K, reserved 1114112K
  class space    used 2301K, committed 2496K, reserved 1048576K
}
Event: 57.003 GC heap before
{Heap before GC invocations=487 (full 186):
 garbage-first heap   total 524288K, used 522271K [0x00000007e0000000, 0x0000000800000000)
  region size 1024K, 0 young (0K), 0 survivors (0K)
 Metaspace       used 15286K, committed 15808K, reserved 1114112K
  class space    used 2301K, committed 2496K, reserved 1048576K
}
Event: 57.340 GC heap after
{Heap after GC invocations=488 (full 187):
 garbage-first heap   total 524288K, used 522269K [0x00000007e0000000, 0x0000000800000000)
  region size 1024K, 0 young (0K), 0 survivors (0K)
 Metaspace       used 15286K, committed 15808K, reserved 1114112K
  class space    used 2301K, committed 2496K, reserved 1048576K
}
Event: 57.340 GC heap before
{Heap before GC invocations=488 (full 187):
 garbage-first heap   total 524288K, used 522269K [0x00000007e0000000, 0x0000000800000000)
  region size 1024K, 0 young (0K), 0 survivors (0K)
 Metaspace       used 15286K, committed 15808K, reserved 1114112K
  class space    used 2301K, committed 2496K, reserved 1048576K
}
Event: 57.340 GC heap after
{Heap after GC invocations=489 (full 187):
 garbage-first heap   total 524288K, used 522269K [0x00000007e0000000, 0x0000000800000000)
  region size 1024K, 0 young (0K), 0 survivors (0K)
 Metaspace       used 15286K, committed 15808K, reserved 1114112K
  class space    used 2301K, committed 2496K, reserved 1048576K
}
Event: 57.340 GC heap before
{Heap before GC invocations=489 (full 187):
 garbage-first heap   total 524288K, used 522269K [0x00000007e0000000, 0x0000000800000000)
  region size 1024K, 0 young (0K), 0 survivors (0K)
 Metaspace       used 15286K, committed 15808K, reserved 1114112K
  class space    used 2301K, committed 2496K, reserved 1048576K
}
Event: 57.636 GC heap after
{Heap after GC invocations=490 (full 188):
 garbage-first heap   total 524288K, used 522269K [0x00000007e0000000, 0x0000000800000000)
  region size 1024K, 0 young (0K), 0 survivors (0K)
 Metaspace       used 15286K, committed 15808K, reserved 1114112K
  class space    used 2301K, committed 2496K, reserved 1048576K
}
Event: 57.636 GC heap before
{Heap before GC invocations=490 (full 188):
 garbage-first heap   total 524288K, used 522269K [0x00000007e0000000, 0x0000000800000000)
  region size 1024K, 0 young (0K), 0 survivors (0K)
 Metaspace       used 15286K, committed 15808K, reserved 1114112K
  class space    used 2301K, committed 2496K, reserved 1048576K
}
Event: 57.888 GC heap after
{Heap after GC invocations=491 (full 189):
 garbage-first heap   total 524288K, used 522269K [0x00000007e0000000, 0x0000000800000000)
  region size 1024K, 0 young (0K), 0 survivors (0K)
 Metaspace       used 15286K, committed 15808K, reserved 1114112K
  class space    used 2301K, committed 2496K, reserved 1048576K
}

