# JRE version: OpenJDK Runtime Environment Corretto-19.0.2.7.1 (19.0.2+7) (build 19.0.2+7-FR)
# Java VM: OpenJDK 64-Bit Server VM Corretto-19.0.2.7.1 (19.0.2+7-FR, mixed mode, sharing, tiered, compressed oops, compressed class ptrs, g1 gc, bsd-aarch64)
Heap:
 garbage-first heap   total 524288K, used 522215K [0x00000007e0000000, 0x0000000800000000)
  region size 1024K, 0 young (0K), 0 survivors (0K)
 Metaspace       used 15565K, committed 16128K, reserved 1114112K
  class space    used 2283K, committed 2496K, reserved 1048576K
GC Heap History (20 events):
Event: 86.039 GC heap after
{Heap after GC invocations=483 (full 226):
 garbage-first heap   total 524288K, used 522215K [0x00000007e0000000, 0x0000000800000000)
  region size 1024K, 0 young (0K), 0 survivors (0K)
 Metaspace       used 15565K, committed 16128K, reserved 1114112K
  class space    used 2283K, committed 2496K, reserved 1048576K
}
Event: 86.039 GC heap before
{Heap before GC invocations=483 (full 226):
 garbage-first heap   total 524288K, used 522215K [0x00000007e0000000, 0x0000000800000000)
  region size 1024K, 0 young (0K), 0 survivors (0K)
 Metaspace       used 15565K, committed 16128K, reserved 1114112K
  class space    used 2283K, committed 2496K, reserved 1048576K
}
Event: 86.040 GC heap after
{Heap after GC invocations=484 (full 226):
 garbage-first heap   total 524288K, used 522215K [0x00000007e0000000, 0x0000000800000000)
  region size 1024K, 0 young (0K), 0 survivors (0K)
 Metaspace       used 15565K, committed 16128K, reserved 1114112K
  class space    used 2283K, committed 2496K, reserved 1048576K
}
Event: 86.040 GC heap before
{Heap before GC invocations=484 (full 226):
 garbage-first heap   total 524288K, used 522215K [0x00000007e0000000, 0x0000000800000000)
  region size 1024K, 0 young (0K), 0 survivors (0K)
 Metaspace       used 15565K, committed 16128K, reserved 1114112K
  class space    used 2283K, committed 2496K, reserved 1048576K
}
Event: 86.328 GC heap after
{Heap after GC invocations=485 (full 227):
 garbage-first heap   total 524288K, used 522215K [0x00000007e0000000, 0x0000000800000000)
  region size 1024K, 0 young (0K), 0 survivors (0K)
 Metaspace       used 15565K, committed 16128K, reserved 1114112K
  class space    used 2283K, committed 2496K, reserved 1048576K
}
Event: 86.328 GC heap before
{Heap before GC invocations=485 (full 227):
 garbage-first heap   total 524288K, used 522215K [0x00000007e0000000, 0x0000000800000000)
  region size 1024K, 0 young (0K), 0 survivors (0K)
 Metaspace       used 15565K, committed 16128K, reserved 1114112K
  class space    used 2283K, committed 2496K, reserved 1048576K
}
Event: 86.764 GC heap after
{Heap after GC invocations=486 (full 228):
 garbage-first heap   total 524288K, used 522215K [0x00000007e0000000, 0x0000000800000000)
  region size 1024K, 0 young (0K), 0 survivors (0K)
 Metaspace       used 15565K, committed 16128K, reserved 1114112K
  class space    used 2283K, committed 2496K, reserved 1048576K
}
Event: 86.764 GC heap before
{Heap before GC invocations=486 (full 228):
 garbage-first heap   total 524288K, used 522215K [0x00000007e0000000, 0x0000000800000000)
  region size 1024K, 0 young (0K), 0 survivors (0K)
 Metaspace       used 15565K, committed 16128K, reserved 1114112K
  class space    used 2283K, committed 2496K, reserved 1048576K
}
Event: 86.765 GC heap after
{Heap after GC invocations=487 (full 228):
 garbage-first heap   total 524288K, used 522215K [0x00000007e0000000, 0x0000000800000000)
  region size 1024K, 0 young (0K), 0 survivors (0K)
 Metaspace       used 15565K, committed 16128K, reserved 1114112K
  class space    used 2283K, committed 2496K, reserved 1048576K
}
Event: 86.765 GC heap before
{Heap before GC invocations=487 (full 228):
 garbage-first heap   total 524288K, used 522215K [0x00000007e0000000, 0x0000000800000000)
  region size 1024K, 0 young (0K), 0 survivors (0K)
 Metaspace       used 15565K, committed 16128K, reserved 1114112K
  class space    used 2283K, committed 2496K, reserved 1048576K
}
Event: 87.052 GC heap after
{Heap after GC invocations=488 (full 229):
 garbage-first heap   total 524288K, used 522215K [0x00000007e0000000, 0x0000000800000000)
  region size 1024K, 0 young (0K), 0 survivors (0K)
 Metaspace       used 15565K, committed 16128K, reserved 1114112K
  class space    used 2283K, committed 2496K, reserved 1048576K
}
Event: 87.052 GC heap before
{Heap before GC invocations=488 (full 229):
 garbage-first heap   total 524288K, used 522215K [0x00000007e0000000, 0x0000000800000000)
  region size 1024K, 0 young (0K), 0 survivors (0K)
 Metaspace       used 15565K, committed 16128K, reserved 1114112K
  class space    used 2283K, committed 2496K, reserved 1048576K
}
Event: 87.404 GC heap after
{Heap after GC invocations=489 (full 230):
 garbage-first heap   total 524288K, used 522215K [0x00000007e0000000, 0x0000000800000000)
  region size 1024K, 0 young (0K), 0 survivors (0K)
 Metaspace       used 15565K, committed 16128K, reserved 1114112K
  class space    used 2283K, committed 2496K, reserved 1048576K
}
Event: 87.404 GC heap before
{Heap before GC invocations=489 (full 230):
 garbage-first heap   total 524288K, used 522215K [0x00000007e0000000, 0x0000000800000000)
  region size 1024K, 0 young (0K), 0 survivors (0K)
 Metaspace       used 15565K, committed 16128K, reserved 1114112K
  class space    used 2283K, committed 2496K, reserved 1048576K
}
Event: 87.404 GC heap after
{Heap after GC invocations=490 (full 230):
 garbage-first heap   total 524288K, used 522215K [0x00000007e0000000, 0x0000000800000000)
  region size 1024K, 0 young (0K), 0 survivors (0K)
 Metaspace       used 15565K, committed 16128K, reserved 1114112K
  class space    used 2283K, committed 2496K, reserved 1048576K
}
Event: 87.404 GC heap before
{Heap before GC invocations=490 (full 230):
 garbage-first heap   total 524288K, used 522215K [0x00000007e0000000, 0x0000000800000000)
  region size 1024K, 0 young (0K), 0 survivors (0K)
 Metaspace       used 15565K, committed 16128K, reserved 1114112K
  class space    used 2283K, committed 2496K, reserved 1048576K
}
Event: 87.676 GC heap after
{Heap after GC invocations=491 (full 231):
 garbage-first heap   total 524288K, used 522215K [0x00000007e0000000, 0x0000000800000000)
  region size 1024K, 0 young (0K), 0 survivors (0K)
 Metaspace       used 15565K, committed 16128K, reserved 1114112K
  class space    used 2283K, committed 2496K, reserved 1048576K
}
Event: 87.676 GC heap before
{Heap before GC invocations=491 (full 231):
 garbage-first heap   total 524288K, used 522215K [0x00000007e0000000, 0x0000000800000000)
  region size 1024K, 0 young (0K), 0 survivors (0K)
 Metaspace       used 15565K, committed 16128K, reserved 1114112K
  class space    used 2283K, committed 2496K, reserved 1048576K
}
Event: 88.002 GC heap after
{Heap after GC invocations=492 (full 232):
 garbage-first heap   total 524288K, used 522215K [0x00000007e0000000, 0x0000000800000000)
  region size 1024K, 0 young (0K), 0 survivors (0K)
 Metaspace       used 15565K, committed 16128K, reserved 1114112K
  class space    used 2283K, committed 2496K, reserved 1048576K
}
Event: 88.002 GC heap before
{Heap before GC invocations=492 (full 232):
 garbage-first heap   total 524288K, used 522215K [0x00000007e0000000, 0x0000000800000000)
  region size 1024K, 0 young (0K), 0 survivors (0K)
 Metaspace       used 15565K, committed 16128K, reserved 1114112K
  class space    used 2283K, committed 2496K, reserved 1048576K
}

